2025-05-29 17:26:20,152 - INFO - === Запуск парсера 2025-05-29 17:26:20 ===
2025-05-29 17:26:20,153 - INFO - ====== WebDriver manager ======
2025-05-29 17:26:24,029 - INFO - Get LATEST chromedriver version for google-chrome
2025-05-29 17:26:24,382 - INFO - Get LATEST chromedriver version for google-chrome
2025-05-29 17:26:24,722 - INFO - Driver [C:\Users\User\.wdm\drivers\chromedriver\win64\136.0.7103.113\chromedriver-win32/chromedriver.exe] found in cache
2025-05-29 17:26:30,138 - INFO - Обработка страницы 1 из 10
2025-05-29 17:27:33,199 - INFO - Найдено 100 новых ссылок на странице 1
2025-05-29 17:27:38,188 - INFO - Обработка страницы 2 из 10
2025-05-29 17:27:39,258 - INFO - Найдено 100 новых ссылок на странице 2
2025-05-29 17:27:48,650 - INFO - Обработка страницы 3 из 10
2025-05-29 17:27:49,716 - INFO - Найдено 100 новых ссылок на странице 3
2025-05-29 17:27:55,810 - INFO - Обработка страницы 4 из 10
2025-05-29 17:27:57,094 - INFO - Найдено 100 новых ссылок на странице 4
2025-05-29 17:28:04,593 - INFO - Обработка страницы 5 из 10
2025-05-29 17:28:05,715 - INFO - Найдено 100 новых ссылок на странице 5
2025-05-29 17:28:13,007 - INFO - Обработка страницы 6 из 10
2025-05-29 17:28:14,419 - INFO - Найдено 100 новых ссылок на странице 6
2025-05-29 17:28:22,369 - INFO - Обработка страницы 7 из 10
2025-05-29 17:28:23,674 - INFO - Найдено 100 новых ссылок на странице 7
2025-05-29 17:28:28,950 - INFO - Обработка страницы 8 из 10
2025-05-29 17:28:30,193 - INFO - Найдено 100 новых ссылок на странице 8
2025-05-29 17:28:37,939 - INFO - Обработка страницы 9 из 10
2025-05-29 17:28:39,015 - INFO - Найдено 100 новых ссылок на странице 9
2025-05-29 17:28:48,095 - INFO - Обработка страницы 10 из 10
2025-05-29 17:28:49,148 - INFO - Найдено 100 новых ссылок на странице 10
2025-05-29 17:28:58,403 - INFO - Найдено 1000 компаний для обработки
2025-05-29 17:28:58,432 - INFO - Обработка компании 1/1000: https://checko.ru/company/dobry-put-1259400002630
2025-05-29 17:29:03,447 - INFO - Обработка компании 2/1000: https://checko.ru/company/gorizont-1259400002620
2025-05-29 17:29:08,126 - INFO - Обработка компании 3/1000: https://checko.ru/company/aclavl-1259400002608
2025-05-29 17:29:11,863 - INFO - Обработка компании 4/1000: https://checko.ru/company/irbn-1259200002467
2025-05-29 17:29:18,107 - INFO - Обработка компании 5/1000: https://checko.ru/company/dinastiya-1259200002456
2025-05-29 17:29:23,788 - INFO - Обработка компании 6/1000: https://checko.ru/company/rofso-fssgs-1259200002434
2025-05-29 17:29:28,692 - INFO - Обработка компании 7/1000: https://checko.ru/company/vozrozhdenie-1259100007770
2025-05-29 17:29:33,049 - INFO - Обработка компании 8/1000: https://checko.ru/company/limamarket-1259100007760
2025-05-29 17:29:38,896 - INFO - Обработка компании 9/1000: https://checko.ru/company/kfh-dort-1259100007748
2025-05-29 17:29:44,023 - INFO - Обработка компании 10/1000: https://checko.ru/company/kupazh-1259100007737
2025-05-29 17:29:45,356 - INFO - Промежуточное сохранение после 10 компаний...
2025-05-29 17:29:45,836 - INFO - Данные сохранены. Всего записей: 10 (добавлено 10)
2025-05-29 17:29:50,764 - INFO - Обработка компании 11/1000: https://checko.ru/company/artstroy69-1259100007715
2025-05-29 17:29:54,834 - INFO - Обработка компании 12/1000: https://checko.ru/company/stroyresurs-1259000002128
2025-05-29 17:29:59,251 - INFO - Обработка компании 13/1000: https://checko.ru/company/nv-industriya-1258600005146
2025-05-29 17:30:05,832 - INFO - Обработка компании 14/1000: https://checko.ru/company/montazhnye-resheniya-1258600005135
2025-05-29 17:30:09,949 - INFO - Обработка компании 15/1000: https://checko.ru/company/tpk-maksimum-1258600005124
2025-05-29 17:30:15,529 - INFO - Обработка компании 16/1000: https://checko.ru/company/sm-1258600005113
2025-05-29 17:30:19,456 - INFO - Обработка компании 17/1000: https://checko.ru/company/agropole-1257900000511
2025-05-29 17:30:25,630 - INFO - Обработка компании 18/1000: https://checko.ru/company/kompozit-plyus-1257800048516
